<?xml version="1.0" encoding="UTF-8"?>
<testng-results ignored="0" total="9" passed="7" failed="2" skipped="0">
  <reporter-output>
  </reporter-output>
  <suite started-at="2022-12-05T18:46:46 IST" name="Default suite" finished-at="2022-12-05T18:50:38 IST" duration-ms="232078">
    <groups>
      <group name="cucumber">
        <method signature="AbstractTestNGCucumberTests.runScenario(io.cucumber.testng.PickleWrapper, io.cucumber.testng.FeatureWrapper)[pri:0, instance:testrunner.TestRunner@57cf54e1]" name="runScenario" class="io.cucumber.testng.AbstractTestNGCucumberTests"/>
      </group> <!-- cucumber -->
    </groups>
    <test started-at="2022-12-05T18:46:46 IST" name="Default test" finished-at="2022-12-05T18:50:38 IST" duration-ms="232078">
      <class name="testrunner.TestRunner">
        <test-method is-config="true" signature="setUpClass()[pri:0, instance:testrunner.TestRunner@57cf54e1]" started-at="2022-12-05T18:46:46 IST" name="setUpClass" finished-at="2022-12-05T18:46:47 IST" duration-ms="1133" status="PASS">
          <reporter-output>
          </reporter-output>
        </test-method> <!-- setUpClass -->
        <test-method signature="runScenario(io.cucumber.testng.PickleWrapper, io.cucumber.testng.FeatureWrapper)[pri:0, instance:testrunner.TestRunner@57cf54e1]" started-at="2022-12-05T18:46:47 IST" name="runScenario" description="Runs Cucumber Scenarios" data-provider="scenarios" finished-at="2022-12-05T18:47:14 IST" duration-ms="26903" status="PASS">
          <params>
            <param index="0">
              <value>
                <![CDATA["Scenario to Add Customer"]]>
              </value>
            </param>
            <param index="1">
              <value>
                <![CDATA["Optional[Add Customer]"]]>
              </value>
            </param>
          </params>
          <reporter-output>
          </reporter-output>
        </test-method> <!-- runScenario -->
        <test-method signature="runScenario(io.cucumber.testng.PickleWrapper, io.cucumber.testng.FeatureWrapper)[pri:0, instance:testrunner.TestRunner@57cf54e1]" started-at="2022-12-05T18:47:14 IST" name="runScenario" description="Runs Cucumber Scenarios" data-provider="scenarios" finished-at="2022-12-05T18:47:39 IST" duration-ms="24445" status="PASS">
          <params>
            <param index="0">
              <value>
                <![CDATA["Scenario to Add Customer"]]>
              </value>
            </param>
            <param index="1">
              <value>
                <![CDATA["Optional[Add Customer]"]]>
              </value>
            </param>
          </params>
          <reporter-output>
          </reporter-output>
        </test-method> <!-- runScenario -->
        <test-method signature="runScenario(io.cucumber.testng.PickleWrapper, io.cucumber.testng.FeatureWrapper)[pri:0, instance:testrunner.TestRunner@57cf54e1]" started-at="2022-12-05T18:47:39 IST" name="runScenario" description="Runs Cucumber Scenarios" data-provider="scenarios" finished-at="2022-12-05T18:47:55 IST" duration-ms="16792" status="FAIL">
          <params>
            <param index="0">
              <value>
                <![CDATA["Scenario to Add Customer"]]>
              </value>
            </param>
            <param index="1">
              <value>
                <![CDATA["Optional[Add Customer]"]]>
              </value>
            </param>
          </params>
          <exception class="java.lang.AssertionError">
            <message>
              <![CDATA[expected [] but found [Added customer successfully]]]>
            </message>
            <full-stacktrace>
              <![CDATA[java.lang.AssertionError: expected [] but found [Added customer successfully]
at org.testng.Assert.fail(Assert.java:99)
at org.testng.Assert.failNotEquals(Assert.java:1037)
at org.testng.Assert.assertEqualsImpl(Assert.java:140)
at org.testng.Assert.assertEquals(Assert.java:122)
at org.testng.Assert.assertEquals(Assert.java:629)
at org.testng.Assert.assertEquals(Assert.java:639)
at com.pages.AddCustomer_Page.VerifyExpectedMessage(AddCustomer_Page.java:70)
at stepdefinitions.AddCustomer_Steps.verify_Customer_Craetion(AddCustomer_Steps.java:50)
at ✽.Verify the Customer Created or Not "Added customer successfully" "Created"(file:///C:/Users/Vassar/eclipse-workspace/StanleyC2C-Web/src/test/resources/PositiveFlowFeatures/AddCustomer.feature:9)
]]>
            </full-stacktrace>
          </exception> <!-- java.lang.AssertionError -->
          <reporter-output>
          </reporter-output>
        </test-method> <!-- runScenario -->
        <test-method signature="runScenario(io.cucumber.testng.PickleWrapper, io.cucumber.testng.FeatureWrapper)[pri:0, instance:testrunner.TestRunner@57cf54e1]" started-at="2022-12-05T18:47:55 IST" name="runScenario" description="Runs Cucumber Scenarios" data-provider="scenarios" finished-at="2022-12-05T18:48:20 IST" duration-ms="24895" status="PASS">
          <params>
            <param index="0">
              <value>
                <![CDATA["Scenario to Add Customer"]]>
              </value>
            </param>
            <param index="1">
              <value>
                <![CDATA["Optional[Add Customer]"]]>
              </value>
            </param>
          </params>
          <reporter-output>
          </reporter-output>
        </test-method> <!-- runScenario -->
        <test-method signature="runScenario(io.cucumber.testng.PickleWrapper, io.cucumber.testng.FeatureWrapper)[pri:0, instance:testrunner.TestRunner@57cf54e1]" started-at="2022-12-05T18:48:20 IST" name="runScenario" description="Runs Cucumber Scenarios" data-provider="scenarios" finished-at="2022-12-05T18:48:47 IST" duration-ms="27038" status="PASS">
          <params>
            <param index="0">
              <value>
                <![CDATA["Scenario to Add Customer"]]>
              </value>
            </param>
            <param index="1">
              <value>
                <![CDATA["Optional[Add Customer]"]]>
              </value>
            </param>
          </params>
          <reporter-output>
          </reporter-output>
        </test-method> <!-- runScenario -->
        <test-method signature="runScenario(io.cucumber.testng.PickleWrapper, io.cucumber.testng.FeatureWrapper)[pri:0, instance:testrunner.TestRunner@57cf54e1]" started-at="2022-12-05T18:48:47 IST" name="runScenario" description="Runs Cucumber Scenarios" data-provider="scenarios" finished-at="2022-12-05T18:49:15 IST" duration-ms="27729" status="PASS">
          <params>
            <param index="0">
              <value>
                <![CDATA["Scenario to Add Customer"]]>
              </value>
            </param>
            <param index="1">
              <value>
                <![CDATA["Optional[Add Customer]"]]>
              </value>
            </param>
          </params>
          <reporter-output>
          </reporter-output>
        </test-method> <!-- runScenario -->
        <test-method signature="runScenario(io.cucumber.testng.PickleWrapper, io.cucumber.testng.FeatureWrapper)[pri:0, instance:testrunner.TestRunner@57cf54e1]" started-at="2022-12-05T18:49:15 IST" name="runScenario" description="Runs Cucumber Scenarios" data-provider="scenarios" finished-at="2022-12-05T18:49:40 IST" duration-ms="25130" status="PASS">
          <params>
            <param index="0">
              <value>
                <![CDATA["Scenario to Add Customer"]]>
              </value>
            </param>
            <param index="1">
              <value>
                <![CDATA["Optional[Add Customer]"]]>
              </value>
            </param>
          </params>
          <reporter-output>
          </reporter-output>
        </test-method> <!-- runScenario -->
        <test-method signature="runScenario(io.cucumber.testng.PickleWrapper, io.cucumber.testng.FeatureWrapper)[pri:0, instance:testrunner.TestRunner@57cf54e1]" started-at="2022-12-05T18:49:40 IST" name="runScenario" description="Runs Cucumber Scenarios" data-provider="scenarios" finished-at="2022-12-05T18:50:12 IST" duration-ms="31524" status="PASS">
          <params>
            <param index="0">
              <value>
                <![CDATA["Scenario to Add Customer"]]>
              </value>
            </param>
            <param index="1">
              <value>
                <![CDATA["Optional[Add Customer]"]]>
              </value>
            </param>
          </params>
          <reporter-output>
          </reporter-output>
        </test-method> <!-- runScenario -->
        <test-method signature="runScenario(io.cucumber.testng.PickleWrapper, io.cucumber.testng.FeatureWrapper)[pri:0, instance:testrunner.TestRunner@57cf54e1]" started-at="2022-12-05T18:50:12 IST" name="runScenario" description="Runs Cucumber Scenarios" data-provider="scenarios" finished-at="2022-12-05T18:50:28 IST" duration-ms="16146" status="FAIL">
          <params>
            <param index="0">
              <value>
                <![CDATA["Scenario to Add Customer"]]>
              </value>
            </param>
            <param index="1">
              <value>
                <![CDATA["Optional[Add Customer]"]]>
              </value>
            </param>
          </params>
          <exception class="java.lang.AssertionError">
            <message>
              <![CDATA[expected [] but found [Added customer successfully]]]>
            </message>
            <full-stacktrace>
              <![CDATA[java.lang.AssertionError: expected [] but found [Added customer successfully]
at org.testng.Assert.fail(Assert.java:99)
at org.testng.Assert.failNotEquals(Assert.java:1037)
at org.testng.Assert.assertEqualsImpl(Assert.java:140)
at org.testng.Assert.assertEquals(Assert.java:122)
at org.testng.Assert.assertEquals(Assert.java:629)
at org.testng.Assert.assertEquals(Assert.java:639)
at com.pages.AddCustomer_Page.VerifyExpectedMessage(AddCustomer_Page.java:70)
at stepdefinitions.AddCustomer_Steps.verify_Customer_Craetion(AddCustomer_Steps.java:50)
at ✽.Verify the Customer Created or Not "Added customer successfully" "Created"(file:///C:/Users/Vassar/eclipse-workspace/StanleyC2C-Web/src/test/resources/PositiveFlowFeatures/AddCustomer.feature:9)
]]>
            </full-stacktrace>
          </exception> <!-- java.lang.AssertionError -->
          <reporter-output>
          </reporter-output>
        </test-method> <!-- runScenario -->
        <test-method is-config="true" signature="tearDownClass()[pri:0, instance:testrunner.TestRunner@57cf54e1]" started-at="2022-12-05T18:50:28 IST" name="tearDownClass" finished-at="2022-12-05T18:50:38 IST" duration-ms="10261" status="PASS">
          <reporter-output>
          </reporter-output>
        </test-method> <!-- tearDownClass -->
      </class> <!-- testrunner.TestRunner -->
    </test> <!-- Default test -->
  </suite> <!-- Default suite -->
</testng-results>
